Started at Sat Apr 20 08:59:22 UTC 2024
Processing checkstyle_warning
Offering checkstyle_warning to Project Build Discarder
Processing dockerImagePipe
Offering dockerImagePipe to Project Build Discarder
Processing emailTestPipeline
Offering emailTestPipeline to Project Build Discarder
Processing firstPipeline
Offering firstPipeline to Project Build Discarder
Processing Freestyle Project 033
Offering Freestyle Project 033 to Project Build Discarder
Processing Freestyle Project 07
Offering Freestyle Project 07 to Project Build Discarder
Processing javaEhealth
Offering javaEhealth to Project Build Discarder
Processing JmeterTest
Offering JmeterTest to Project Build Discarder
Processing repportByMail
Offering repportByMail to Project Build Discarder
Processing test_job
Offering test_job to Project Build Discarder
Processing testEmailNotifications
Offering testEmailNotifications to Project Build Discarder
Finished at Sat Apr 20 08:59:22 UTC 2024. 3ms
Started at Sat Apr 20 09:59:22 UTC 2024
Processing checkstyle_warning
Offering checkstyle_warning to Project Build Discarder
Processing dockerImagePipe
Offering dockerImagePipe to Project Build Discarder
Processing emailTestPipeline
Offering emailTestPipeline to Project Build Discarder
Processing firstPipeline
Offering firstPipeline to Project Build Discarder
Processing Freestyle Project 033
Offering Freestyle Project 033 to Project Build Discarder
Processing Freestyle Project 07
Offering Freestyle Project 07 to Project Build Discarder
Processing javaEhealth
Offering javaEhealth to Project Build Discarder
Processing JmeterTest
Offering JmeterTest to Project Build Discarder
Processing repportByMail
Offering repportByMail to Project Build Discarder
Processing test_job
Offering test_job to Project Build Discarder
Processing testEmailNotifications
Offering testEmailNotifications to Project Build Discarder
Finished at Sat Apr 20 09:59:22 UTC 2024. 1ms
Started at Sat Apr 20 10:59:22 UTC 2024
Processing checkstyle_warning
Offering checkstyle_warning to Project Build Discarder
Processing dockerImagePipe
Offering dockerImagePipe to Project Build Discarder
Processing emailTestPipeline
Offering emailTestPipeline to Project Build Discarder
Processing firstPipeline
Offering firstPipeline to Project Build Discarder
Processing Freestyle Project 033
Offering Freestyle Project 033 to Project Build Discarder
Processing Freestyle Project 07
Offering Freestyle Project 07 to Project Build Discarder
Processing javaEhealth
Offering javaEhealth to Project Build Discarder
Processing JmeterTest
Offering JmeterTest to Project Build Discarder
Processing repportByMail
Offering repportByMail to Project Build Discarder
Processing test_job
Offering test_job to Project Build Discarder
Processing testEmailNotifications
Offering testEmailNotifications to Project Build Discarder
Finished at Sat Apr 20 10:59:22 UTC 2024. 1ms
Started at Sat Apr 20 11:59:22 UTC 2024
Processing checkstyle_warning
Offering checkstyle_warning to Project Build Discarder
Processing dockerImagePipe
Offering dockerImagePipe to Project Build Discarder
Processing emailTestPipeline
Offering emailTestPipeline to Project Build Discarder
Processing firstPipeline
Offering firstPipeline to Project Build Discarder
Processing Freestyle Project 033
Offering Freestyle Project 033 to Project Build Discarder
Processing Freestyle Project 07
Offering Freestyle Project 07 to Project Build Discarder
Processing javaEhealth
Offering javaEhealth to Project Build Discarder
Processing JmeterTest
Offering JmeterTest to Project Build Discarder
Processing repportByMail
Offering repportByMail to Project Build Discarder
Processing test_job
Offering test_job to Project Build Discarder
Processing testEmailNotifications
Offering testEmailNotifications to Project Build Discarder
Finished at Sat Apr 20 11:59:22 UTC 2024. 1ms
Started at Sat Apr 20 12:59:22 UTC 2024
Processing checkstyle_warning
Offering checkstyle_warning to Project Build Discarder
Processing dockerImagePipe
Offering dockerImagePipe to Project Build Discarder
Processing emailTestPipeline
Offering emailTestPipeline to Project Build Discarder
Processing firstPipeline
Offering firstPipeline to Project Build Discarder
Processing Freestyle Project 033
Offering Freestyle Project 033 to Project Build Discarder
Processing Freestyle Project 07
Offering Freestyle Project 07 to Project Build Discarder
Processing javaEhealth
Offering javaEhealth to Project Build Discarder
Processing JmeterTest
Offering JmeterTest to Project Build Discarder
Processing repportByMail
Offering repportByMail to Project Build Discarder
Processing test_job
Offering test_job to Project Build Discarder
Processing testEmailNotifications
Offering testEmailNotifications to Project Build Discarder
Finished at Sat Apr 20 12:59:22 UTC 2024. 1ms
Started at Sat Apr 20 13:59:22 UTC 2024
Processing checkstyle_warning
Offering checkstyle_warning to Project Build Discarder
Processing dockerImagePipe
Offering dockerImagePipe to Project Build Discarder
Processing emailTestPipeline
Offering emailTestPipeline to Project Build Discarder
Processing firstPipeline
Offering firstPipeline to Project Build Discarder
Processing Freestyle Project 033
Offering Freestyle Project 033 to Project Build Discarder
Processing Freestyle Project 07
Offering Freestyle Project 07 to Project Build Discarder
Processing javaEhealth
Offering javaEhealth to Project Build Discarder
Processing JmeterTest
Offering JmeterTest to Project Build Discarder
Processing repportByMail
Offering repportByMail to Project Build Discarder
Processing test_job
Offering test_job to Project Build Discarder
Processing testEmailNotifications
Offering testEmailNotifications to Project Build Discarder
Finished at Sat Apr 20 13:59:22 UTC 2024. 1ms
Started at Sat Apr 20 14:59:22 UTC 2024
Processing checkstyle_warning
Offering checkstyle_warning to Project Build Discarder
Processing dockerImagePipe
Offering dockerImagePipe to Project Build Discarder
Processing emailTestPipeline
Offering emailTestPipeline to Project Build Discarder
Processing firstPipeline
Offering firstPipeline to Project Build Discarder
Processing Freestyle Project 033
Offering Freestyle Project 033 to Project Build Discarder
Processing Freestyle Project 07
Offering Freestyle Project 07 to Project Build Discarder
Processing javaEhealth
Offering javaEhealth to Project Build Discarder
Processing JmeterTest
Offering JmeterTest to Project Build Discarder
Processing repportByMail
Offering repportByMail to Project Build Discarder
Processing test_job
Offering test_job to Project Build Discarder
Processing testEmailNotifications
Offering testEmailNotifications to Project Build Discarder
Finished at Sat Apr 20 14:59:22 UTC 2024. 1ms
Started at Sat Apr 20 15:59:22 UTC 2024
Processing checkstyle_warning
Offering checkstyle_warning to Project Build Discarder
Processing dockerImagePipe
Offering dockerImagePipe to Project Build Discarder
Processing emailTestPipeline
Offering emailTestPipeline to Project Build Discarder
Processing firstPipeline
Offering firstPipeline to Project Build Discarder
Processing Freestyle Project 033
Offering Freestyle Project 033 to Project Build Discarder
Processing Freestyle Project 07
Offering Freestyle Project 07 to Project Build Discarder
Processing javaEhealth
Offering javaEhealth to Project Build Discarder
Processing JmeterTest
Offering JmeterTest to Project Build Discarder
Processing repportByMail
Offering repportByMail to Project Build Discarder
Processing test_job
Offering test_job to Project Build Discarder
Processing testEmailNotifications
Offering testEmailNotifications to Project Build Discarder
Finished at Sat Apr 20 15:59:22 UTC 2024. 2ms
Started at Sat Apr 20 16:59:22 UTC 2024
Processing checkstyle_warning
Offering checkstyle_warning to Project Build Discarder
Processing dockerImagePipe
Offering dockerImagePipe to Project Build Discarder
Processing emailTestPipeline
Offering emailTestPipeline to Project Build Discarder
Processing firstPipeline
Offering firstPipeline to Project Build Discarder
Processing Freestyle Project 033
Offering Freestyle Project 033 to Project Build Discarder
Processing Freestyle Project 07
Offering Freestyle Project 07 to Project Build Discarder
Processing javaEhealth
Offering javaEhealth to Project Build Discarder
Processing JmeterTest
Offering JmeterTest to Project Build Discarder
Processing repportByMail
Offering repportByMail to Project Build Discarder
Processing test_job
Offering test_job to Project Build Discarder
Processing testEmailNotifications
Offering testEmailNotifications to Project Build Discarder
Finished at Sat Apr 20 16:59:22 UTC 2024. 1ms
